Using pre-set license
Built from '2021.1/staging' branch; Version is '2021.1.22f1 (a137e5fb0427) revision 10565605'; Using compiler version '192528614'; Build Type 'Release'
OS: 'Windows 10 Pro for Workstations; OS build 22000.194; Version 2009; 64bit' Language: 'en' Physical Memory: 65449 MB
BatchMode: 1, IsHumanControllingUs: 0, StartBugReporterOnCrash: 0, Is64bit: 1, IsPro: 0

COMMAND LINE ARGUMENTS:
C:\Program Files\Unity\Hub\Editor\2021.1.22f1\Editor\Unity.exe
-adb2
-batchMode
-noUpm
-name
AssetImportWorker0
-projectPath
C:/Users/Ian/Documents/Unity/Baseball 1
-logFile
Logs/AssetImportWorker0.log
-srvPort
65497
Successfully changed project path to: C:/Users/Ian/Documents/Unity/Baseball 1
C:/Users/Ian/Documents/Unity/Baseball 1
Using Asset Import Pipeline V2.
Refreshing native plugins compatible for Editor in 52.80 ms, found 3 plugins.
Preloading 0 native plugins for Editor in 0.00 ms.
Initialize engine version: 2021.1.22f1 (a137e5fb0427)
[Subsystems] Discovering subsystems at path C:/Program Files/Unity/Hub/Editor/2021.1.22f1/Editor/Data/Resources/UnitySubsystems
[Subsystems] Discovering subsystems at path C:/Users/Ian/Documents/Unity/Baseball 1/Assets
GfxDevice: creating device client; threaded=0; jobified=0
Direct3D:
    Version:  Direct3D 11.0 [level 11.1]
    Renderer: NVIDIA GeForce RTX 3080 Ti (ID=0x2208)
    Vendor:   NVIDIA
    VRAM:     12108 MB
    Driver:   30.0.14.7196
Initialize mono
Mono path[0] = 'C:/Program Files/Unity/Hub/Editor/2021.1.22f1/Editor/Data/Managed'
Mono path[1] = 'C:/Program Files/Unity/Hub/Editor/2021.1.22f1/Editor/Data/MonoBleedingEdge/lib/mono/unityjit'
Mono config path = 'C:/Program Files/Unity/Hub/Editor/2021.1.22f1/Editor/Data/MonoBleedingEdge/etc'
Using monoOptions --debugger-agent=transport=dt_socket,embedding=1,server=y,suspend=n,address=127.0.0.1:56132
Begin MonoManager ReloadAssembly
Registering precompiled unity dll's ...
Register platform support module: C:/Program Files/Unity/Hub/Editor/2021.1.22f1/Editor/Data/PlaybackEngines/MacStandaloneSupport/UnityEditor.OSXStandalone.Extensions.dll
Register platform support module: C:/Program Files/Unity/Hub/Editor/2021.1.22f1/Editor/Data/PlaybackEngines/WindowsStandaloneSupport/UnityEditor.WindowsStandalone.Extensions.dll
Registered in 0.000842 seconds.
Native extension for WindowsStandalone target not found
Native extension for OSXStandalone target not found
Refreshing native plugins compatible for Editor in 53.31 ms, found 3 plugins.
Preloading 0 native plugins for Editor in 0.00 ms.
Mono: successfully reloaded assembly
- Completed reload, in  0.734 seconds
Domain Reload Profiling:
	ReloadAssembly (735ms)
		BeginReloadAssembly (36ms)
			ExecutionOrderSort (0ms)
			DisableScriptedObjects (0ms)
			BackupInstance (0ms)
			ReleaseScriptingObjects (0ms)
			CreateAndSetChildDomain (1ms)
		EndReloadAssembly (281ms)
			LoadAssemblies (36ms)
			RebuildTransferFunctionScriptingTraits (0ms)
			SetupTypeCache (94ms)
			ReleaseScriptCaches (0ms)
			RebuildScriptCaches (17ms)
			SetupLoadedEditorAssemblies (142ms)
				LogAssemblyErrors (0ms)
				InitializePlatformSupportModulesInManaged (4ms)
				SetLoadedEditorAssemblies (0ms)
				RefreshPlugins (53ms)
				BeforeProcessingInitializeOnLoad (1ms)
				ProcessInitializeOnLoadAttributes (64ms)
				ProcessInitializeOnLoadMethodAttributes (19ms)
				AfterProcessingInitializeOnLoad (0ms)
				EditorAssembliesLoaded (0ms)
			ExecutionOrderSort2 (0ms)
			AwakeInstancesAfterBackupRestoration (0ms)
Platform modules already initialized, skipping
Registering precompiled user dll's ...
Registered in 0.001657 seconds.
Begin MonoManager ReloadAssembly
Symbol file LoadedFromMemory doesn't match image C:\Users\Ian\Documents\Unity\Baseball 1\Library\PackageCache\com.unity.visualscripting@1.6.1\Editor\VisualScripting.Core\Dependencies\YamlDotNet\Unity.VisualScripting.YamlDotNet.dll
Symbol file LoadedFromMemory doesn't match image C:\Users\Ian\Documents\Unity\Baseball 1\Library\PackageCache\com.unity.visualscripting@1.6.1\Editor\VisualScripting.Core\Dependencies\DotNetZip\Unity.VisualScripting.IonicZip.dll
Native extension for WindowsStandalone target not found
Native extension for OSXStandalone target not found
Refreshing native plugins compatible for Editor in 0.55 ms, found 3 plugins.
Preloading 0 native plugins for Editor in 0.00 ms.
Mono: successfully reloaded assembly
- Completed reload, in  0.643 seconds
Domain Reload Profiling:
	ReloadAssembly (643ms)
		BeginReloadAssembly (93ms)
			ExecutionOrderSort (0ms)
			DisableScriptedObjects (3ms)
			BackupInstance (0ms)
			ReleaseScriptingObjects (0ms)
			CreateAndSetChildDomain (17ms)
		EndReloadAssembly (516ms)
			LoadAssemblies (54ms)
			RebuildTransferFunctionScriptingTraits (0ms)
			SetupTypeCache (189ms)
			ReleaseScriptCaches (0ms)
			RebuildScriptCaches (27ms)
			SetupLoadedEditorAssemblies (193ms)
				LogAssemblyErrors (0ms)
				InitializePlatformSupportModulesInManaged (3ms)
				SetLoadedEditorAssemblies (0ms)
				RefreshPlugins (1ms)
				BeforeProcessingInitializeOnLoad (39ms)
				ProcessInitializeOnLoadAttributes (144ms)
				ProcessInitializeOnLoadMethodAttributes (3ms)
				AfterProcessingInitializeOnLoad (2ms)
				EditorAssembliesLoaded (0ms)
			ExecutionOrderSort2 (0ms)
			AwakeInstancesAfterBackupRestoration (5ms)
Platform modules already initialized, skipping
========================================================================
Worker process is ready to serve import requests
Launched and connected shader compiler UnityShaderCompiler.exe after 0.04 seconds
Refreshing native plugins compatible for Editor in 0.56 ms, found 3 plugins.
Preloading 0 native plugins for Editor in 0.00 ms.
Unloading 2951 Unused Serialized files (Serialized files now loaded: 0)
System memory in use before: 109.0 MB.
System memory in use after: 109.2 MB.

Unloading 20 unused Assets to reduce memory usage. Loaded Objects now: 3399.
Total: 2.271400 ms (FindLiveObjects: 0.184300 ms CreateObjectMapping: 0.064500 ms MarkObjects: 1.968200 ms  DeleteObjects: 0.053800 ms)

AssetImportParameters requested are different than current active one (requested -> active):
  custom:framework-win-MediaFoundation: 216162199b28c13a410421893ffa2e32 -> 
  custom:video-decoder-ogg-theora: a1e56fd34408186e4bbccfd4996cb3dc -> 
  custom:container-muxer-webm: aa71ff27fc2769a1b78a27578f13a17b -> 
  custom:container-demuxer-webm: 4f35f7cbe854078d1ac9338744f61a02 -> 
  custom:container-demuxer-ogg: 62fdf1f143b41e24485cea50d1cbac27 -> 
  custom:video-encoder-webm-vp8: eb34c28f22e8b96e1ab97ce403110664 -> 
  custom:video-decoder-webm-vp8: 9c59270c3fd7afecdb556c50c9e8de78 -> 
  custom:audio-decoder-ogg-vorbis: bf7c407c2cedff20999df2af8eb42d56 -> 
  custom:audio-encoder-webm-vorbis: bf7c407c2cedff20999df2af8eb42d56 -> 
========================================================================
Received Import Request.
  path: Assets/Male3/Male3_ShortHair.fbx
  artifactKey: Guid(1aee9acf50d7bdd4daca5057e5962307) Importer(815301076,1909f56bfc062723c751e8b465ee728b)
Start importing Assets/Male3/Male3_ShortHair.fbx using Guid(1aee9acf50d7bdd4daca5057e5962307) Importer(815301076,1909f56bfc062723c751e8b465ee728b)  -> (artifact id: 'd7d08fbc84270a25536c7e47b8aedd21') in 0.113685 seconds 
========================================================================
Received Import Request.
  Time since last request: 0.000127 seconds.
  path: Assets/Male3/Male_3_Glasses.prefab
  artifactKey: Guid(aa2f7b683ea9c9444b866b14258abb14) Importer(815301076,1909f56bfc062723c751e8b465ee728b)
Start importing Assets/Male3/Male_3_Glasses.prefab using Guid(aa2f7b683ea9c9444b866b14258abb14) Importer(815301076,1909f56bfc062723c751e8b465ee728b)  -> (artifact id: '9bbe4db0d3a3c1442237a1c1c1cf0509') in 0.011712 seconds 
========================================================================
Received Import Request.
  Time since last request: 98.868772 seconds.
  path: Assets/Male3/Materials/Male3_body.mat
  artifactKey: Guid(5fe6127458f8fb64e85d743c29ca4a9e) Importer(815301076,1909f56bfc062723c751e8b465ee728b)
Start importing Assets/Male3/Materials/Male3_body.mat using Guid(5fe6127458f8fb64e85d743c29ca4a9e) Importer(815301076,1909f56bfc062723c751e8b465ee728b)  -> (artifact id: 'ac0a684c10ad29f535a623e60ddb9a28') in 0.020687 seconds 
========================================================================
Received Import Request.
  Time since last request: 0.000162 seconds.
  path: Assets/Male3/Materials/Male3_SH_neutral.mat
  artifactKey: Guid(7c0c9bf747bbaee42836f6366a7f9815) Importer(815301076,1909f56bfc062723c751e8b465ee728b)
Start importing Assets/Male3/Materials/Male3_SH_neutral.mat using Guid(7c0c9bf747bbaee42836f6366a7f9815) Importer(815301076,1909f56bfc062723c751e8b465ee728b)  -> (artifact id: 'f5ce50445d0e29bc55a524db9f7d5df1') in 0.014692 seconds 
========================================================================
Received Import Request.
  Time since last request: 38.651866 seconds.
  path: Assets/Male3/BaseBall_T/Male3_BBallT_Blue.tga
  artifactKey: Guid(da2702e2939152c468e5979a5a98f93d) Importer(815301076,1909f56bfc062723c751e8b465ee728b)
Start importing Assets/Male3/BaseBall_T/Male3_BBallT_Blue.tga using Guid(da2702e2939152c468e5979a5a98f93d) Importer(815301076,1909f56bfc062723c751e8b465ee728b)  -> (artifact id: '65e578c8e5a231c66078139ff9277b8c') in 0.013640 seconds 
========================================================================
Received Import Request.
  Time since last request: 0.000108 seconds.
  path: Assets/Male3/BaseBall_T/Male3_BBT_Hat.prefab
  artifactKey: Guid(58cd0b6037c13104a9897476ac41a211) Importer(815301076,1909f56bfc062723c751e8b465ee728b)
Start importing Assets/Male3/BaseBall_T/Male3_BBT_Hat.prefab using Guid(58cd0b6037c13104a9897476ac41a211) Importer(815301076,1909f56bfc062723c751e8b465ee728b)  -> (artifact id: 'dbfc514e707c946159c771cdab179cf4') in 0.014136 seconds 
========================================================================
Received Import Request.
  Time since last request: 0.000101 seconds.
  path: Assets/Male3/BaseBall_T/Male3_BBT_Hat.fbx
  artifactKey: Guid(6e695732fb04092429f277913c7a7691) Importer(815301076,1909f56bfc062723c751e8b465ee728b)
Start importing Assets/Male3/BaseBall_T/Male3_BBT_Hat.fbx using Guid(6e695732fb04092429f277913c7a7691) Importer(815301076,1909f56bfc062723c751e8b465ee728b)  -> (artifact id: '02ffdac2c274c856514cee4c9dc698bd') in 0.014157 seconds 
========================================================================
Received Import Request.
  Time since last request: 0.000114 seconds.
  path: Assets/Male3/BaseBall_T/Male3_BBallT_Red.tga
  artifactKey: Guid(9467fb6a3d484e546b2155abe34bc291) Importer(815301076,1909f56bfc062723c751e8b465ee728b)
Start importing Assets/Male3/BaseBall_T/Male3_BBallT_Red.tga using Guid(9467fb6a3d484e546b2155abe34bc291) Importer(815301076,1909f56bfc062723c751e8b465ee728b)  -> (artifact id: 'a9f9f1c4b2d5500777fc820e45312f9e') in 0.008153 seconds 
========================================================================
Received Import Request.
  Time since last request: 0.000107 seconds.
  path: Assets/Male3/BaseBall_T/Male3_BBT_Hair.fbx
  artifactKey: Guid(31bb83affd32cf34797ed0735992da00) Importer(815301076,1909f56bfc062723c751e8b465ee728b)
Start importing Assets/Male3/BaseBall_T/Male3_BBT_Hair.fbx using Guid(31bb83affd32cf34797ed0735992da00) Importer(815301076,1909f56bfc062723c751e8b465ee728b)  -> (artifact id: 'c27fd9a272dbc5efd062a7ba9b88271e') in 0.016522 seconds 
========================================================================
Received Import Request.
  Time since last request: 0.000099 seconds.
  path: Assets/Male3/BaseBall_T/Male3_BBT_Hair.prefab
  artifactKey: Guid(5a2a0eb61a6f03f4384c5b5aaa4eb67c) Importer(815301076,1909f56bfc062723c751e8b465ee728b)
Start importing Assets/Male3/BaseBall_T/Male3_BBT_Hair.prefab using Guid(5a2a0eb61a6f03f4384c5b5aaa4eb67c) Importer(815301076,1909f56bfc062723c751e8b465ee728b)  -> (artifact id: 'c6fd45c1152551216cb2796def6badc2') in 0.010804 seconds 
========================================================================
Received Import Request.
  Time since last request: 0.000117 seconds.
  path: Assets/Male3/BaseBall_T/Male3_BBallT_Green.tga
  artifactKey: Guid(6189f8e302f735846802c825b1ecd22c) Importer(815301076,1909f56bfc062723c751e8b465ee728b)
Start importing Assets/Male3/BaseBall_T/Male3_BBallT_Green.tga using Guid(6189f8e302f735846802c825b1ecd22c) Importer(815301076,1909f56bfc062723c751e8b465ee728b)  -> (artifact id: '3566ea42bbfa935156b4a4da466879b5') in 0.009791 seconds 
========================================================================
Received Import Request.
  Time since last request: 1.861324 seconds.
  path: Assets/Male3/BaseBall_T/Materials/baseball.mat
  artifactKey: Guid(dbac006d4cb05b44d80ca59a04ba46b6) Importer(815301076,1909f56bfc062723c751e8b465ee728b)
Start importing Assets/Male3/BaseBall_T/Materials/baseball.mat using Guid(dbac006d4cb05b44d80ca59a04ba46b6) Importer(815301076,1909f56bfc062723c751e8b465ee728b)  -> (artifact id: '5d005e5b0e240dac644af86776136f39') in 0.008947 seconds 
========================================================================
Received Import Request.
  Time since last request: 0.000103 seconds.
  path: Assets/Male3/BaseBall_T/Materials/Male3_Head2_Open.mat
  artifactKey: Guid(0f2b2069d25632d4dba01b57cacbc4f5) Importer(815301076,1909f56bfc062723c751e8b465ee728b)
Start importing Assets/Male3/BaseBall_T/Materials/Male3_Head2_Open.mat using Guid(0f2b2069d25632d4dba01b57cacbc4f5) Importer(815301076,1909f56bfc062723c751e8b465ee728b)  -> (artifact id: '1ee176321d7e8c75542332b5edb361de') in 0.017942 seconds 
========================================================================
Received Import Request.
  Time since last request: 0.000109 seconds.
  path: Assets/Male3/BaseBall_T/Materials/Male3_Ballcap.mat
  artifactKey: Guid(cb9d6eb553a53ad4ca36492761251f04) Importer(815301076,1909f56bfc062723c751e8b465ee728b)
Start importing Assets/Male3/BaseBall_T/Materials/Male3_Ballcap.mat using Guid(cb9d6eb553a53ad4ca36492761251f04) Importer(815301076,1909f56bfc062723c751e8b465ee728b)  -> (artifact id: 'dc68028a100111f673bfa11f5bb22a9e') in 0.008705 seconds 
========================================================================
Received Import Request.
  Time since last request: 0.000111 seconds.
  path: Assets/Male3/BaseBall_T/Materials/Male3_BBallT_Red.mat
  artifactKey: Guid(13f2cba9e2575ef438aa044f59b4c2a1) Importer(815301076,1909f56bfc062723c751e8b465ee728b)
Start importing Assets/Male3/BaseBall_T/Materials/Male3_BBallT_Red.mat using Guid(13f2cba9e2575ef438aa044f59b4c2a1) Importer(815301076,1909f56bfc062723c751e8b465ee728b)  -> (artifact id: '177aea267e741b6e61c749348296e972') in 0.020048 seconds 
========================================================================
Received Import Request.
  Time since last request: 10.363134 seconds.
  path: Assets/Avatars_Animations_Bible_Demo/Humanoid avatars/B06_Ch_04_Avatar.fbx
  artifactKey: Guid(7f1972951ac6fc345881da2aa3dc3442) Importer(815301076,1909f56bfc062723c751e8b465ee728b)
Start importing Assets/Avatars_Animations_Bible_Demo/Humanoid avatars/B06_Ch_04_Avatar.fbx using Guid(7f1972951ac6fc345881da2aa3dc3442) Importer(815301076,1909f56bfc062723c751e8b465ee728b)  -> (artifact id: 'b760bbd456537685fcfcd81247b0117f') in 0.065822 seconds 
========================================================================
Received Import Request.
  Time since last request: 0.000097 seconds.
  path: Assets/Avatars_Animations_Bible_Demo/Humanoid avatars/B28_Ch_05_Avatar.fbx
  artifactKey: Guid(9b232a5e676587d478938ebb2d6c7d36) Importer(815301076,1909f56bfc062723c751e8b465ee728b)
Start importing Assets/Avatars_Animations_Bible_Demo/Humanoid avatars/B28_Ch_05_Avatar.fbx using Guid(9b232a5e676587d478938ebb2d6c7d36) Importer(815301076,1909f56bfc062723c751e8b465ee728b)  -> (artifact id: 'f0afbbbeea1287dd03770ff8c32ff6df') in 0.017403 seconds 
========================================================================
Received Import Request.
  Time since last request: 0.000133 seconds.
  path: Assets/Avatars_Animations_Bible_Demo/Humanoid avatars/B25_Ch_04_Avatar.fbx
  artifactKey: Guid(df988c47aa443964a8924d60247c7a1c) Importer(815301076,1909f56bfc062723c751e8b465ee728b)
Start importing Assets/Avatars_Animations_Bible_Demo/Humanoid avatars/B25_Ch_04_Avatar.fbx using Guid(df988c47aa443964a8924d60247c7a1c) Importer(815301076,1909f56bfc062723c751e8b465ee728b)  -> (artifact id: '95548b8e44163f5642cad2560ebdb711') in 0.019578 seconds 
========================================================================
Received Import Request.
  Time since last request: 0.000111 seconds.
  path: Assets/Avatars_Animations_Bible_Demo/Humanoid avatars/B18_Ch_01_AvatarZombie.fbx
  artifactKey: Guid(2c7fb3d27117eeb4a9182ee87a7025b9) Importer(815301076,1909f56bfc062723c751e8b465ee728b)
Start importing Assets/Avatars_Animations_Bible_Demo/Humanoid avatars/B18_Ch_01_AvatarZombie.fbx using Guid(2c7fb3d27117eeb4a9182ee87a7025b9) Importer(815301076,1909f56bfc062723c751e8b465ee728b)  -> (artifact id: '63fc40e5358c73485ee8138c793420e8') in 0.025466 seconds 
========================================================================
Received Import Request.
  Time since last request: 0.000106 seconds.
  path: Assets/Avatars_Animations_Bible_Demo/Humanoid avatars/B30_Ch_05_Avatar.fbx
  artifactKey: Guid(1934d7a3170d2a44281dfb3617f80d2d) Importer(815301076,1909f56bfc062723c751e8b465ee728b)
Start importing Assets/Avatars_Animations_Bible_Demo/Humanoid avatars/B30_Ch_05_Avatar.fbx using Guid(1934d7a3170d2a44281dfb3617f80d2d) Importer(815301076,1909f56bfc062723c751e8b465ee728b)  -> (artifact id: 'f879ff3c474345daf42809c014418aa0') in 0.020712 seconds 
========================================================================
Received Import Request.
  Time since last request: 0.000114 seconds.
  path: Assets/Avatars_Animations_Bible_Demo/Humanoid avatars/B12_Ch_02_Avatar.fbx
  artifactKey: Guid(30eacfcb4c137bf4a9aaa3266373bd9f) Importer(815301076,1909f56bfc062723c751e8b465ee728b)
Start importing Assets/Avatars_Animations_Bible_Demo/Humanoid avatars/B12_Ch_02_Avatar.fbx using Guid(30eacfcb4c137bf4a9aaa3266373bd9f) Importer(815301076,1909f56bfc062723c751e8b465ee728b)  -> (artifact id: 'ce0547fd2dd639ecf0d1ee6cfe8555d9') in 0.019235 seconds 
========================================================================
Received Import Request.
  Time since last request: 0.000117 seconds.
  path: Assets/Avatars_Animations_Bible_Demo/Humanoid avatars/B20_Ch_01_Avatar.fbx
  artifactKey: Guid(3d15d42cbf37faf4cb25ebab81c2f973) Importer(815301076,1909f56bfc062723c751e8b465ee728b)
Start importing Assets/Avatars_Animations_Bible_Demo/Humanoid avatars/B20_Ch_01_Avatar.fbx using Guid(3d15d42cbf37faf4cb25ebab81c2f973) Importer(815301076,1909f56bfc062723c751e8b465ee728b)  -> (artifact id: '4b243bf03d70cbf447b1f73040c9ed40') in 0.020500 seconds 
========================================================================
Received Import Request.
  Time since last request: 1.952811 seconds.
  path: Assets/Avatars_Animations_Bible_Demo/Humanoid avatars/Materials/Jambie_texture.mat
  artifactKey: Guid(f3a6dfba9f1af774aa1c1ddc38a4c927) Importer(815301076,1909f56bfc062723c751e8b465ee728b)
Start importing Assets/Avatars_Animations_Bible_Demo/Humanoid avatars/Materials/Jambie_texture.mat using Guid(f3a6dfba9f1af774aa1c1ddc38a4c927) Importer(815301076,1909f56bfc062723c751e8b465ee728b)  -> (artifact id: 'eecff1b067231f6fa2ed5fb676679228') in 0.008590 seconds 
========================================================================
Received Import Request.
  Time since last request: 0.000096 seconds.
  path: Assets/Avatars_Animations_Bible_Demo/Humanoid avatars/Materials/Vector_colours.mat
  artifactKey: Guid(af1c4e64ca0ce1a4fa470580553a1cfd) Importer(815301076,1909f56bfc062723c751e8b465ee728b)
Start importing Assets/Avatars_Animations_Bible_Demo/Humanoid avatars/Materials/Vector_colours.mat using Guid(af1c4e64ca0ce1a4fa470580553a1cfd) Importer(815301076,1909f56bfc062723c751e8b465ee728b)  -> (artifact id: '3002894b104fcd65bec8ca538c5de346') in 0.009358 seconds 
========================================================================
Received Import Request.
  Time since last request: 0.000107 seconds.
  path: Assets/Avatars_Animations_Bible_Demo/Humanoid avatars/Materials/vehicles_texture.mat
  artifactKey: Guid(ff0eeaceb189f8c458fc573cf4a16a3e) Importer(815301076,1909f56bfc062723c751e8b465ee728b)
Start importing Assets/Avatars_Animations_Bible_Demo/Humanoid avatars/Materials/vehicles_texture.mat using Guid(ff0eeaceb189f8c458fc573cf4a16a3e) Importer(815301076,1909f56bfc062723c751e8b465ee728b)  -> (artifact id: '5aa6f9f845eed8792ad6b4e3f4d4c3cb') in 0.009579 seconds 
========================================================================
Received Import Request.
  Time since last request: 0.000113 seconds.
  path: Assets/Avatars_Animations_Bible_Demo/Humanoid avatars/Materials/Zombie_texture.png
  artifactKey: Guid(2b25cce7098a2344480fa0abc7901f11) Importer(815301076,1909f56bfc062723c751e8b465ee728b)
Start importing Assets/Avatars_Animations_Bible_Demo/Humanoid avatars/Materials/Zombie_texture.png using Guid(2b25cce7098a2344480fa0abc7901f11) Importer(815301076,1909f56bfc062723c751e8b465ee728b)  -> (artifact id: '0b4c4aab175702e1baea444234aaf1f6') in 0.031700 seconds 
========================================================================
Received Import Request.
  Time since last request: 0.000111 seconds.
  path: Assets/Avatars_Animations_Bible_Demo/Humanoid avatars/Materials/Zombie_texture.mat
  artifactKey: Guid(a8dcecb44f36d0741a83d4a1835477ed) Importer(815301076,1909f56bfc062723c751e8b465ee728b)
Start importing Assets/Avatars_Animations_Bible_Demo/Humanoid avatars/Materials/Zombie_texture.mat using Guid(a8dcecb44f36d0741a83d4a1835477ed) Importer(815301076,1909f56bfc062723c751e8b465ee728b)  -> (artifact id: 'f3be13eee7a727c3ed48ea5d75cb8037') in 0.008384 seconds 
========================================================================
Received Import Request.
  Time since last request: 0.000097 seconds.
  path: Assets/Avatars_Animations_Bible_Demo/Humanoid avatars/Materials/vehicles_texture.png
  artifactKey: Guid(cc6145fc375d04c4e91b26fa51f679cd) Importer(815301076,1909f56bfc062723c751e8b465ee728b)
Start importing Assets/Avatars_Animations_Bible_Demo/Humanoid avatars/Materials/vehicles_texture.png using Guid(cc6145fc375d04c4e91b26fa51f679cd) Importer(815301076,1909f56bfc062723c751e8b465ee728b)  -> (artifact id: '3e7e1a7f4722a4a12a72f5f2f05aadca') in 0.016837 seconds 
========================================================================
Received Prepare
Registering precompiled user dll's ...
Registered in 0.001659 seconds.
Begin MonoManager ReloadAssembly
Symbol file LoadedFromMemory doesn't match image C:\Users\Ian\Documents\Unity\Baseball 1\Library\PackageCache\com.unity.visualscripting@1.6.1\Editor\VisualScripting.Core\Dependencies\YamlDotNet\Unity.VisualScripting.YamlDotNet.dll
Symbol file LoadedFromMemory doesn't match image C:\Users\Ian\Documents\Unity\Baseball 1\Library\PackageCache\com.unity.visualscripting@1.6.1\Editor\VisualScripting.Core\Dependencies\DotNetZip\Unity.VisualScripting.IonicZip.dll
Native extension for WindowsStandalone target not found
Native extension for OSXStandalone target not found
Refreshing native plugins compatible for Editor in 0.55 ms, found 3 plugins.
Preloading 0 native plugins for Editor in 0.00 ms.
Mono: successfully reloaded assembly
- Completed reload, in  0.764 seconds
Domain Reload Profiling:
	ReloadAssembly (764ms)
		BeginReloadAssembly (92ms)
			ExecutionOrderSort (0ms)
			DisableScriptedObjects (3ms)
			BackupInstance (0ms)
			ReleaseScriptingObjects (0ms)
			CreateAndSetChildDomain (29ms)
		EndReloadAssembly (636ms)
			LoadAssemblies (56ms)
			RebuildTransferFunctionScriptingTraits (0ms)
			SetupTypeCache (195ms)
			ReleaseScriptCaches (1ms)
			RebuildScriptCaches (23ms)
			SetupLoadedEditorAssemblies (284ms)
				LogAssemblyErrors (0ms)
				InitializePlatformSupportModulesInManaged (4ms)
				SetLoadedEditorAssemblies (0ms)
				RefreshPlugins (1ms)
				BeforeProcessingInitializeOnLoad (29ms)
				ProcessInitializeOnLoadAttributes (236ms)
				ProcessInitializeOnLoadMethodAttributes (11ms)
				AfterProcessingInitializeOnLoad (3ms)
				EditorAssembliesLoaded (0ms)
			ExecutionOrderSort2 (0ms)
			AwakeInstancesAfterBackupRestoration (16ms)
Platform modules already initialized, skipping
Refreshing native plugins compatible for Editor in 0.60 ms, found 3 plugins.
Preloading 0 native plugins for Editor in 0.00 ms.
Unloading 2950 Unused Serialized files (Serialized files now loaded: 0)
System memory in use before: 133.8 MB.
System memory in use after: 134.1 MB.

Unloading 15 unused Assets to reduce memory usage. Loaded Objects now: 3524.
Total: 2.437900 ms (FindLiveObjects: 0.240100 ms CreateObjectMapping: 0.061300 ms MarkObjects: 2.120900 ms  DeleteObjects: 0.015000 ms)

AssetImportParameters requested are different than current active one (requested -> active):
  custom:framework-win-MediaFoundation: 216162199b28c13a410421893ffa2e32 -> 
  custom:video-decoder-ogg-theora: a1e56fd34408186e4bbccfd4996cb3dc -> 
  custom:container-muxer-webm: aa71ff27fc2769a1b78a27578f13a17b -> 
  custom:container-demuxer-webm: 4f35f7cbe854078d1ac9338744f61a02 -> 
  custom:container-demuxer-ogg: 62fdf1f143b41e24485cea50d1cbac27 -> 
  custom:video-encoder-webm-vp8: eb34c28f22e8b96e1ab97ce403110664 -> 
  custom:video-decoder-webm-vp8: 9c59270c3fd7afecdb556c50c9e8de78 -> 
  custom:audio-decoder-ogg-vorbis: bf7c407c2cedff20999df2af8eb42d56 -> 
  custom:audio-encoder-webm-vorbis: bf7c407c2cedff20999df2af8eb42d56 -> 
========================================================================
Received Prepare
Refreshing native plugins compatible for Editor in 1.96 ms, found 3 plugins.
Preloading 0 native plugins for Editor in 0.00 ms.
Unloading 13 Unused Serialized files (Serialized files now loaded: 0)
System memory in use before: 75.6 MB.
System memory in use after: 75.9 MB.

Unloading 13 unused Assets to reduce memory usage. Loaded Objects now: 3524.
Total: 2.440300 ms (FindLiveObjects: 0.205800 ms CreateObjectMapping: 0.059900 ms MarkObjects: 2.165400 ms  DeleteObjects: 0.008700 ms)

AssetImportParameters requested are different than current active one (requested -> active):
  custom:framework-win-MediaFoundation: 216162199b28c13a410421893ffa2e32 -> 
  custom:video-decoder-ogg-theora: a1e56fd34408186e4bbccfd4996cb3dc -> 
  custom:container-muxer-webm: aa71ff27fc2769a1b78a27578f13a17b -> 
  custom:container-demuxer-webm: 4f35f7cbe854078d1ac9338744f61a02 -> 
  custom:container-demuxer-ogg: 62fdf1f143b41e24485cea50d1cbac27 -> 
  custom:video-encoder-webm-vp8: eb34c28f22e8b96e1ab97ce403110664 -> 
  custom:video-decoder-webm-vp8: 9c59270c3fd7afecdb556c50c9e8de78 -> 
  custom:audio-decoder-ogg-vorbis: bf7c407c2cedff20999df2af8eb42d56 -> 
  custom:audio-encoder-webm-vorbis: bf7c407c2cedff20999df2af8eb42d56 -> 
========================================================================
Received Import Request.
  Time since last request: 349.875427 seconds.
  path: Assets/Avatars_Animations_Bible_Demo/Humanoid avatars/Materials/What_The_Fuck.mp3
  artifactKey: Guid(27aad97908f568045b4f12622d4cf9cc) Importer(815301076,1909f56bfc062723c751e8b465ee728b)
Start importing Assets/Avatars_Animations_Bible_Demo/Humanoid avatars/Materials/What_The_Fuck.mp3 using Guid(27aad97908f568045b4f12622d4cf9cc) Importer(815301076,1909f56bfc062723c751e8b465ee728b)  -> (artifact id: '11442df74e3e885533256f84b8bb8347') in 0.038635 seconds 
========================================================================
Received Prepare
Registering precompiled user dll's ...
Registered in 0.001858 seconds.
Begin MonoManager ReloadAssembly
Symbol file LoadedFromMemory doesn't match image C:\Users\Ian\Documents\Unity\Baseball 1\Library\PackageCache\com.unity.visualscripting@1.6.1\Editor\VisualScripting.Core\Dependencies\YamlDotNet\Unity.VisualScripting.YamlDotNet.dll
Symbol file LoadedFromMemory doesn't match image C:\Users\Ian\Documents\Unity\Baseball 1\Library\PackageCache\com.unity.visualscripting@1.6.1\Editor\VisualScripting.Core\Dependencies\DotNetZip\Unity.VisualScripting.IonicZip.dll
Native extension for WindowsStandalone target not found
Native extension for OSXStandalone target not found
Refreshing native plugins compatible for Editor in 0.54 ms, found 3 plugins.
Preloading 0 native plugins for Editor in 0.00 ms.
Mono: successfully reloaded assembly
- Completed reload, in  0.616 seconds
Domain Reload Profiling:
	ReloadAssembly (616ms)
		BeginReloadAssembly (88ms)
			ExecutionOrderSort (0ms)
			DisableScriptedObjects (3ms)
			BackupInstance (0ms)
			ReleaseScriptingObjects (0ms)
			CreateAndSetChildDomain (26ms)
		EndReloadAssembly (494ms)
			LoadAssemblies (54ms)
			RebuildTransferFunctionScriptingTraits (0ms)
			SetupTypeCache (189ms)
			ReleaseScriptCaches (1ms)
			RebuildScriptCaches (23ms)
			SetupLoadedEditorAssemblies (171ms)
				LogAssemblyErrors (0ms)
				InitializePlatformSupportModulesInManaged (3ms)
				SetLoadedEditorAssemblies (0ms)
				RefreshPlugins (1ms)
				BeforeProcessingInitializeOnLoad (29ms)
				ProcessInitializeOnLoadAttributes (133ms)
				ProcessInitializeOnLoadMethodAttributes (3ms)
				AfterProcessingInitializeOnLoad (2ms)
				EditorAssembliesLoaded (0ms)
			ExecutionOrderSort2 (0ms)
			AwakeInstancesAfterBackupRestoration (9ms)
Platform modules already initialized, skipping
Refreshing native plugins compatible for Editor in 0.59 ms, found 3 plugins.
Preloading 0 native plugins for Editor in 0.00 ms.
Unloading 2945 Unused Serialized files (Serialized files now loaded: 0)
System memory in use before: 133.9 MB.
System memory in use after: 134.1 MB.

Unloading 15 unused Assets to reduce memory usage. Loaded Objects now: 3529.
Total: 2.309000 ms (FindLiveObjects: 0.200000 ms CreateObjectMapping: 0.059200 ms MarkObjects: 2.035900 ms  DeleteObjects: 0.013100 ms)

AssetImportParameters requested are different than current active one (requested -> active):
  custom:framework-win-MediaFoundation: 216162199b28c13a410421893ffa2e32 -> 
  custom:video-decoder-ogg-theora: a1e56fd34408186e4bbccfd4996cb3dc -> 
  custom:container-muxer-webm: aa71ff27fc2769a1b78a27578f13a17b -> 
  custom:container-demuxer-webm: 4f35f7cbe854078d1ac9338744f61a02 -> 
  custom:container-demuxer-ogg: 62fdf1f143b41e24485cea50d1cbac27 -> 
  custom:video-encoder-webm-vp8: eb34c28f22e8b96e1ab97ce403110664 -> 
  custom:video-decoder-webm-vp8: 9c59270c3fd7afecdb556c50c9e8de78 -> 
  custom:audio-decoder-ogg-vorbis: bf7c407c2cedff20999df2af8eb42d56 -> 
  custom:audio-encoder-webm-vorbis: bf7c407c2cedff20999df2af8eb42d56 -> 
========================================================================
Received Import Request.
  Time since last request: 128.565200 seconds.
  path: Assets/What_The_Fuck-[AudioTrimmer.com].mp3
  artifactKey: Guid(266a9cf556df69f48a545960e4a0ed70) Importer(815301076,1909f56bfc062723c751e8b465ee728b)
Start importing Assets/What_The_Fuck-[AudioTrimmer.com].mp3 using Guid(266a9cf556df69f48a545960e4a0ed70) Importer(815301076,1909f56bfc062723c751e8b465ee728b)  -> (artifact id: '0c5af10f9107b08a57bcd8e4d0eaa199') in 0.028328 seconds 
========================================================================
Received Prepare
Registering precompiled user dll's ...
Registered in 0.001778 seconds.
Begin MonoManager ReloadAssembly
Symbol file LoadedFromMemory doesn't match image C:\Users\Ian\Documents\Unity\Baseball 1\Library\PackageCache\com.unity.visualscripting@1.6.1\Editor\VisualScripting.Core\Dependencies\YamlDotNet\Unity.VisualScripting.YamlDotNet.dll
Symbol file LoadedFromMemory doesn't match image C:\Users\Ian\Documents\Unity\Baseball 1\Library\PackageCache\com.unity.visualscripting@1.6.1\Editor\VisualScripting.Core\Dependencies\DotNetZip\Unity.VisualScripting.IonicZip.dll
Native extension for WindowsStandalone target not found
Native extension for OSXStandalone target not found
Refreshing native plugins compatible for Editor in 0.56 ms, found 3 plugins.
Preloading 0 native plugins for Editor in 0.00 ms.
Mono: successfully reloaded assembly
- Completed reload, in  0.620 seconds
Domain Reload Profiling:
	ReloadAssembly (620ms)
		BeginReloadAssembly (86ms)
			ExecutionOrderSort (0ms)
			DisableScriptedObjects (3ms)
			BackupInstance (0ms)
			ReleaseScriptingObjects (0ms)
			CreateAndSetChildDomain (26ms)
		EndReloadAssembly (501ms)
			LoadAssemblies (54ms)
			RebuildTransferFunctionScriptingTraits (0ms)
			SetupTypeCache (190ms)
			ReleaseScriptCaches (1ms)
			RebuildScriptCaches (24ms)
			SetupLoadedEditorAssemblies (174ms)
				LogAssemblyErrors (0ms)
				InitializePlatformSupportModulesInManaged (4ms)
				SetLoadedEditorAssemblies (0ms)
				RefreshPlugins (1ms)
				BeforeProcessingInitializeOnLoad (30ms)
				ProcessInitializeOnLoadAttributes (135ms)
				ProcessInitializeOnLoadMethodAttributes (3ms)
				AfterProcessingInitializeOnLoad (2ms)
				EditorAssembliesLoaded (0ms)
			ExecutionOrderSort2 (0ms)
			AwakeInstancesAfterBackupRestoration (8ms)
Platform modules already initialized, skipping
Refreshing native plugins compatible for Editor in 0.54 ms, found 3 plugins.
Preloading 0 native plugins for Editor in 0.00 ms.
Unloading 2945 Unused Serialized files (Serialized files now loaded: 0)
System memory in use before: 133.9 MB.
System memory in use after: 134.2 MB.

Unloading 15 unused Assets to reduce memory usage. Loaded Objects now: 3532.
Total: 2.392000 ms (FindLiveObjects: 0.210400 ms CreateObjectMapping: 0.061600 ms MarkObjects: 2.108100 ms  DeleteObjects: 0.011300 ms)

AssetImportParameters requested are different than current active one (requested -> active):
  custom:framework-win-MediaFoundation: 216162199b28c13a410421893ffa2e32 -> 
  custom:video-decoder-ogg-theora: a1e56fd34408186e4bbccfd4996cb3dc -> 
  custom:container-muxer-webm: aa71ff27fc2769a1b78a27578f13a17b -> 
  custom:container-demuxer-webm: 4f35f7cbe854078d1ac9338744f61a02 -> 
  custom:container-demuxer-ogg: 62fdf1f143b41e24485cea50d1cbac27 -> 
  custom:video-encoder-webm-vp8: eb34c28f22e8b96e1ab97ce403110664 -> 
  custom:video-decoder-webm-vp8: 9c59270c3fd7afecdb556c50c9e8de78 -> 
  custom:audio-decoder-ogg-vorbis: bf7c407c2cedff20999df2af8eb42d56 -> 
  custom:audio-encoder-webm-vorbis: bf7c407c2cedff20999df2af8eb42d56 -> 
========================================================================
Received Prepare
Refreshing native plugins compatible for Editor in 1.90 ms, found 3 plugins.
Preloading 0 native plugins for Editor in 0.00 ms.
Unloading 13 Unused Serialized files (Serialized files now loaded: 0)
System memory in use before: 75.9 MB.
System memory in use after: 76.1 MB.

Unloading 13 unused Assets to reduce memory usage. Loaded Objects now: 3532.
Total: 2.281100 ms (FindLiveObjects: 0.202800 ms CreateObjectMapping: 0.060200 ms MarkObjects: 2.008900 ms  DeleteObjects: 0.008800 ms)

AssetImportParameters requested are different than current active one (requested -> active):
  custom:framework-win-MediaFoundation: 216162199b28c13a410421893ffa2e32 -> 
  custom:video-decoder-ogg-theora: a1e56fd34408186e4bbccfd4996cb3dc -> 
  custom:container-muxer-webm: aa71ff27fc2769a1b78a27578f13a17b -> 
  custom:container-demuxer-webm: 4f35f7cbe854078d1ac9338744f61a02 -> 
  custom:container-demuxer-ogg: 62fdf1f143b41e24485cea50d1cbac27 -> 
  custom:video-encoder-webm-vp8: eb34c28f22e8b96e1ab97ce403110664 -> 
  custom:video-decoder-webm-vp8: 9c59270c3fd7afecdb556c50c9e8de78 -> 
  custom:audio-decoder-ogg-vorbis: bf7c407c2cedff20999df2af8eb42d56 -> 
  custom:audio-encoder-webm-vorbis: bf7c407c2cedff20999df2af8eb42d56 -> 
